0 info it worked if it ends with ok
1 verbose cli [ '/usr/local/bin/node',
1 verbose cli   '/usr/local/bin/npm',
1 verbose cli   'install',
1 verbose cli   'cloudinary',
1 verbose cli   '--save' ]
2 info using npm@1.4.28
3 info using node@v0.10.33
4 verbose readDependencies using package.json deps
5 verbose cache add [ 'cloudinary@lastest', null ]
6 verbose cache add name=undefined spec="cloudinary@lastest" args=["cloudinary@lastest",null]
7 verbose parsed url { protocol: null,
7 verbose parsed url   slashes: null,
7 verbose parsed url   auth: null,
7 verbose parsed url   host: null,
7 verbose parsed url   port: null,
7 verbose parsed url   hostname: null,
7 verbose parsed url   hash: null,
7 verbose parsed url   search: null,
7 verbose parsed url   query: null,
7 verbose parsed url   pathname: 'cloudinary@lastest',
7 verbose parsed url   path: 'cloudinary@lastest',
7 verbose parsed url   href: 'cloudinary@lastest' }
8 verbose cache add name="cloudinary" spec="lastest" args=["cloudinary","lastest"]
9 verbose parsed url { protocol: null,
9 verbose parsed url   slashes: null,
9 verbose parsed url   auth: null,
9 verbose parsed url   host: null,
9 verbose parsed url   port: null,
9 verbose parsed url   hostname: null,
9 verbose parsed url   hash: null,
9 verbose parsed url   search: null,
9 verbose parsed url   query: null,
9 verbose parsed url   pathname: 'lastest',
9 verbose parsed url   path: 'lastest',
9 verbose parsed url   href: 'lastest' }
10 verbose addNamed [ 'cloudinary', 'lastest' ]
11 verbose addNamed [ null, null ]
12 silly lockFile 71d32bc9-cloudinary-lastest cloudinary@lastest
13 verbose lock cloudinary@lastest /home/alex/.npm/71d32bc9-cloudinary-lastest.lock
14 info addNameTag [ 'cloudinary', 'lastest' ]
15 verbose request where is /cloudinary
16 verbose request registry https://registry.npmjs.org/
17 verbose request id 1e7a1f76a8171ad0
18 verbose url raw /cloudinary
19 verbose url resolving [ 'https://registry.npmjs.org/', './cloudinary' ]
20 verbose url resolved https://registry.npmjs.org/cloudinary
21 verbose request where is https://registry.npmjs.org/cloudinary
22 info trying registry request attempt 1 at 16:44:13
23 verbose etag "4MXTUURLOMXWPIOO5Y5DL7UGZ"
24 http GET https://registry.npmjs.org/cloudinary
25 http 304 https://registry.npmjs.org/cloudinary
26 silly registry.get cb [ 304,
26 silly registry.get   { date: 'Sun, 16 Nov 2014 15:44:28 GMT',
26 silly registry.get     server: 'Apache',
26 silly registry.get     via: '1.1 varnish',
26 silly registry.get     'last-modified': 'Sun, 16 Nov 2014 15:44:28 GMT',
26 silly registry.get     'cache-control': 'max-age=60',
26 silly registry.get     etag: '"4MXTUURLOMXWPIOO5Y5DL7UGZ"',
26 silly registry.get     age: '0',
26 silly registry.get     'x-served-by': 'cache-lcy1124-LCY',
26 silly registry.get     'x-cache': 'HIT',
26 silly registry.get     'x-cache-hits': '1',
26 silly registry.get     'x-timer': 'S1416152668.016068,VS0,VE345',
26 silly registry.get     vary: 'Accept',
26 silly registry.get     'content-length': '0',
26 silly registry.get     'keep-alive': 'timeout=10, max=50',
26 silly registry.get     connection: 'Keep-Alive' } ]
27 verbose etag https://registry.npmjs.org/cloudinary from cache
28 silly lockFile 71d32bc9-cloudinary-lastest cloudinary@lastest
29 silly lockFile 71d32bc9-cloudinary-lastest cloudinary@lastest
30 error notarget No compatible version found: cloudinary@'lastest'
30 error notarget Valid install targets:
30 error notarget ["0.0.1","0.0.2","0.0.3","0.2.1","0.2.2","0.2.3","0.2.4","0.2.5","0.2.6","0.2.7","1.0.1","1.0.2","1.0.3","1.0.4","1.0.5","1.0.6","1.0.7","1.0.8","1.0.9","1.0.10","1.0.11","1.0.12","1.0.13"]
30 error notarget
30 error notarget This is most likely not a problem with npm itself.
30 error notarget In most cases you or one of your dependencies are requesting
30 error notarget a package version that doesn't exist.
31 error System Linux 3.2.0-4-amd64
32 error command "/usr/local/bin/node" "/usr/local/bin/npm" "install" "cloudinary" "--save"
33 error cwd /home/alex/work/nodejs/cometsens
34 error node -v v0.10.33
35 error npm -v 1.4.28
36 error code ETARGET
37 verbose exit [ 1, true ]
